---- light / ericw-tools v0.18.1-32-g6660c5f ----
Raytracing backend: Embree
running with 16 threads
LoadBSPFile: 'ZambieMap.bsp'
BSP is version 29
SetQdirFromPath: no "maps" in 'E:\2simm\Documents\GitHub\Quake-Map\working\/ZambieMap.bsp'--- ConvertTextures ---
--- LoadEntities ---
7 entities read, 3 are lights.
--- OptionsSummary ---
Embree_TraceInit: Embree version: 2.15.0
Embree_TraceInit:
	0 sky faces
	49 solid faces
	0 filtered faces
	0 shadow-casting skip faces
SetupLights: 3 initial lights
SetupLights: 3 after surface lights
SetupLights: 3 after jittering
--- EstimateLightVisibility ---
0....1....2....3....4....5....6...
Final count: 3 lights, 0 suns in use.
--- LightWorld ---
--- LightThread ---
0....1....2....3....4....5....6....7....8....9...
Lighting Completed.

lightdatasize: 4251
0 switchable light styles (32 max)
Writing ZambieMap.bsp as BSP version 29
0.090 seconds elapsed

stats:
1.099411 lights tested, 0.882027 hits per sample point
0.000000 surface lights tested, 0.000000 hits per sample point
0.000000 bounce lights tested, 0.000000 hits per sample point
0 empty lightmaps
