---- vis / ericw-tools v0.18.1-32-g6660c5f ----
running with 16 threads
testlevel = 4
LoadBSPFile: 'DeathValley.bsp'
BSP is version 29
   394 leafs
   938 portals
Calculating Base Vis:
0....1....2....3....4....5....6....7....8....9....
Calculating Full Vis:
0....1....2....3....4....5....6....7....8....9....
WARNING: Leaf portals saw into leaf (1)
WARNING: Leaf portals saw into leaf (3)
WARNING: Leaf portals saw into leaf (5)
WARNING: Leaf portals saw into leaf (7)
WARNING: Leaf portals saw into leaf (8)
WARNING: Leaf portals saw into leaf (10)
WARNING: Leaf portals saw into leaf (11)
WARNING: Leaf portals saw into leaf (13)
WARNING: Leaf portals saw into leaf (14)
WARNING: Leaf portals saw into leaf (21)
WARNING: Leaf portals saw into leaf (22)
WARNING: Leaf portals saw into leaf (25)
WARNING: Leaf portals saw into leaf (26)
WARNING: Leaf portals saw into leaf (31)
WARNING: Leaf portals saw into leaf (34)
WARNING: Leaf portals saw into leaf (38)
WARNING: Leaf portals saw into leaf (41)
WARNING: Leaf portals saw into leaf (43)
WARNING: Leaf portals saw into leaf (47)
WARNING: Leaf portals saw into leaf (54)
WARNING: Leaf portals saw into leaf (55)
WARNING: Leaf portals saw into leaf (59)
WARNING: Leaf portals saw into leaf (61)
WARNING: Leaf portals saw into leaf (64)
WARNING: Leaf portals saw into leaf (67)
WARNING: Leaf portals saw into leaf (70)
WARNING: Leaf portals saw into leaf (74)
WARNING: Leaf portals saw into leaf (76)
WARNING: Leaf portals saw into leaf (80)
WARNING: Leaf portals saw into leaf (81)
WARNING: Leaf portals saw into leaf (82)
WARNING: Leaf portals saw into leaf (83)
WARNING: Leaf portals saw into leaf (84)
WARNING: Leaf portals saw into leaf (85)
WARNING: Leaf portals saw into leaf (86)
WARNING: Leaf portals saw into leaf (89)
WARNING: Leaf portals saw into leaf (97)
WARNING: Leaf portals saw into leaf (98)
WARNING: Leaf portals saw into leaf (101)
WARNING: Leaf portals saw into leaf (112)
WARNING: Leaf portals saw into leaf (114)
WARNING: Leaf portals saw into leaf (115)
WARNING: Leaf portals saw into leaf (116)
WARNING: Leaf portals saw into leaf (118)
WARNING: Leaf portals saw into leaf (121)
WARNING: Leaf portals saw into leaf (122)
WARNING: Leaf portals saw into leaf (125)
WARNING: Leaf portals saw into leaf (126)
WARNING: Leaf portals saw into leaf (127)
WARNING: Leaf portals saw into leaf (128)
WARNING: Leaf portals saw into leaf (131)
WARNING: Leaf portals saw into leaf (134)
WARNING: Leaf portals saw into leaf (143)
WARNING: Leaf portals saw into leaf (148)
WARNING: Leaf portals saw into leaf (151)
WARNING: Leaf portals saw into leaf (152)
WARNING: Leaf portals saw into leaf (157)
WARNING: Leaf portals saw into leaf (158)
WARNING: Leaf portals saw into leaf (159)
WARNING: Leaf portals saw into leaf (164)
WARNING: Leaf portals saw into leaf (165)
WARNING: Leaf portals saw into leaf (171)
WARNING: Leaf portals saw into leaf (172)
WARNING: Leaf portals saw into leaf (173)
WARNING: Leaf portals saw into leaf (174)
WARNING: Leaf portals saw into leaf (181)
WARNING: Leaf portals saw into leaf (183)
WARNING: Leaf portals saw into leaf (194)
WARNING: Leaf portals saw into leaf (197)
WARNING: Leaf portals saw into leaf (198)
WARNING: Leaf portals saw into leaf (199)
WARNING: Leaf portals saw into leaf (202)
WARNING: Leaf portals saw into leaf (203)
WARNING: Leaf portals saw into leaf (204)
WARNING: Leaf portals saw into leaf (206)
WARNING: Leaf portals saw into leaf (207)
WARNING: Leaf portals saw into leaf (208)
WARNING: Leaf portals saw into leaf (209)
WARNING: Leaf portals saw into leaf (210)
WARNING: Leaf portals saw into leaf (211)
WARNING: Leaf portals saw into leaf (214)
WARNING: Leaf portals saw into leaf (215)
WARNING: Leaf portals saw into leaf (216)
WARNING: Leaf portals saw into leaf (221)
WARNING: Leaf portals saw into leaf (222)
WARNING: Leaf portals saw into leaf (223)
WARNING: Leaf portals saw into leaf (226)
WARNING: Leaf portals saw into leaf (231)
WARNING: Leaf portals saw into leaf (234)
WARNING: Leaf portals saw into leaf (237)
WARNING: Leaf portals saw into leaf (240)
WARNING: Leaf portals saw into leaf (244)
WARNING: Leaf portals saw into leaf (250)
WARNING: Leaf portals saw into leaf (256)
WARNING: Leaf portals saw into leaf (259)
WARNING: Leaf portals saw into leaf (262)
WARNING: Leaf portals saw into leaf (263)
WARNING: Leaf portals saw into leaf (265)
WARNING: Leaf portals saw into leaf (268)
WARNING: Leaf portals saw into leaf (269)
WARNING: Leaf portals saw into leaf (270)
WARNING: Leaf portals saw into leaf (271)
WARNING: Leaf portals saw into leaf (272)
WARNING: Leaf portals saw into leaf (273)
WARNING: Leaf portals saw into leaf (274)
WARNING: Leaf portals saw into leaf (275)
WARNING: Leaf portals saw into leaf (277)
WARNING: Leaf portals saw into leaf (278)
WARNING: Leaf portals saw into leaf (279)
WARNING: Leaf portals saw into leaf (280)
WARNING: Leaf portals saw into leaf (281)
WARNING: Leaf portals saw into leaf (282)
WARNING: Leaf portals saw into leaf (283)
WARNING: Leaf portals saw into leaf (284)
WARNING: Leaf portals saw into leaf (285)
WARNING: Leaf portals saw into leaf (286)
WARNING: Leaf portals saw into leaf (287)
WARNING: Leaf portals saw into leaf (288)
WARNING: Leaf portals saw into leaf (289)
WARNING: Leaf portals saw into leaf (293)
WARNING: Leaf portals saw into leaf (294)
WARNING: Leaf portals saw into leaf (295)
WARNING: Leaf portals saw into leaf (296)
WARNING: Leaf portals saw into leaf (297)
WARNING: Leaf portals saw into leaf (299)
WARNING: Leaf portals saw into leaf (302)
WARNING: Leaf portals saw into leaf (303)
WARNING: Leaf portals saw into leaf (305)
WARNING: Leaf portals saw into leaf (311)
WARNING: Leaf portals saw into leaf (312)
WARNING: Leaf portals saw into leaf (313)
WARNING: Leaf portals saw into leaf (314)
WARNING: Leaf portals saw into leaf (315)
WARNING: Leaf portals saw into leaf (318)
WARNING: Leaf portals saw into leaf (320)
WARNING: Leaf portals saw into leaf (324)
WARNING: Leaf portals saw into leaf (325)
WARNING: Leaf portals saw into leaf (326)
WARNING: Leaf portals saw into leaf (327)
WARNING: Leaf portals saw into leaf (331)
WARNING: Leaf portals saw into leaf (332)
WARNING: Leaf portals saw into leaf (334)
WARNING: Leaf portals saw into leaf (335)
WARNING: Leaf portals saw into leaf (336)
WARNING: Leaf portals saw into leaf (338)
WARNING: Leaf portals saw into leaf (339)
WARNING: Leaf portals saw into leaf (340)
WARNING: Leaf portals saw into leaf (344)
WARNING: Leaf portals saw into leaf (349)
WARNING: Leaf portals saw into leaf (352)
WARNING: Leaf portals saw into leaf (353)
WARNING: Leaf portals saw into leaf (355)
WARNING: Leaf portals saw into leaf (357)
WARNING: Leaf portals saw into leaf (358)
WARNING: Leaf portals saw into leaf (362)
WARNING: Leaf portals saw into leaf (367)
WARNING: Leaf portals saw into leaf (368)
WARNING: Leaf portals saw into leaf (369)
WARNING: Leaf portals saw into leaf (370)
WARNING: Leaf portals saw into leaf (373)
WARNING: Leaf portals saw into leaf (374)
WARNING: Leaf portals saw into leaf (376)
WARNING: Leaf portals saw into leaf (380)
WARNING: Leaf portals saw into leaf (381)
WARNING: Leaf portals saw into leaf (382)
WARNING: Leaf portals saw into leaf (383)
WARNING: Leaf portals saw into leaf (384)
WARNING: Leaf portals saw into leaf (385)
WARNING: Leaf portals saw into leaf (387)
WARNING: Leaf portals saw into leaf (390)
WARNING: Leaf portals saw into leaf (391)
WARNING: Leaf portals saw into leaf (393)
average leafs visible: 69
c_noclip: 0
c_chains: 390398
visdatasize:10615  compressed from 19700
Writing DeathValley.bsp as BSP version 29
  0.4 seconds elapsed
